<?xml version="1.0" encoding="UTF-8"?>
<!-- Generated by org.testng.reporters.JUnitXMLReporter -->
<testsuite ignored="0" hostname="DESKTOP-L4CJD00" failures="0" tests="3" name="Test" time="0.126" errors="0" timestamp="2024-11-28T11:54:35 IST">
  <testcase classname="GenericScript.GenericScript" name="@BeforeMethod BrowserLaunch" time="0.008">
    <failure type="java.lang.NullPointerException" message="Cannot invoke &amp;quot;org.openqa.selenium.WebDriver.manage()&amp;quot; because &amp;quot;this.driver&amp;quot; is null">
      <![CDATA[java.lang.NullPointerException: Cannot invoke "org.openqa.selenium.WebDriver.manage()" because "this.driver" is null
at GenericScript.GenericScript.BrowserLaunch(GenericScript.java:14)
at java.base/java.util.ArrayList.forEach(ArrayList.java:1597)
... Removed 29 stack frames]]>
    </failure>
  </testcase> <!-- @BeforeMethod BrowserLaunch -->
  <testcase classname="GenericScript.GenericScript" name="@BeforeMethod BrowserLaunch" time="0.001">
    <failure type="java.lang.NullPointerException" message="Cannot invoke &amp;quot;org.openqa.selenium.WebDriver.manage()&amp;quot; because &amp;quot;this.driver&amp;quot; is null">
      <![CDATA[java.lang.NullPointerException: Cannot invoke "org.openqa.selenium.WebDriver.manage()" because "this.driver" is null
at GenericScript.GenericScript.BrowserLaunch(GenericScript.java:14)
at java.base/java.util.ArrayList.forEach(ArrayList.java:1597)
... Removed 29 stack frames]]>
    </failure>
  </testcase> <!-- @BeforeMethod BrowserLaunch -->
  <testcase classname="GenericScript.GenericScript" name="@BeforeMethod BrowserLaunch" time="0.0">
    <failure type="java.lang.NullPointerException" message="Cannot invoke &amp;quot;org.openqa.selenium.WebDriver.manage()&amp;quot; because &amp;quot;this.driver&amp;quot; is null">
      <![CDATA[java.lang.NullPointerException: Cannot invoke "org.openqa.selenium.WebDriver.manage()" because "this.driver" is null
at GenericScript.GenericScript.BrowserLaunch(GenericScript.java:14)
at java.base/java.util.ArrayList.forEach(ArrayList.java:1597)
... Removed 29 stack frames]]>
    </failure>
  </testcase> <!-- @BeforeMethod BrowserLaunch -->
  <testcase classname="GenericScript.Testcase01" name="usn" time="0.0">
    <skipped/>
  </testcase> <!-- usn -->
  <testcase classname="GenericScript.Testcase03" name="Title" time="0.0">
    <skipped/>
  </testcase> <!-- Title -->
  <testcase classname="GenericScript.Testcase02" name="pud" time="0.0">
    <skipped/>
  </testcase> <!-- pud -->
</testsuite> <!-- Test -->
